<?xml version="1.0" encoding="UTF-8"?>
<coverage generated="1643276331339" clover="3.2.0">
  <project timestamp="1643276331339" name="All files">
    <metrics statements="18" coveredstatements="15" conditionals="6" coveredconditionals="6" methods="8" coveredmethods="5" elements="32" coveredelements="26" complexity="0" loc="18" ncloc="18" packages="1" files="4" classes="4"/>
    <file name="firstTask.js" path="C:\Users\User\Desktop\Testing-practicing\firstTask.js">
      <metrics statements="5" coveredstatements="5" conditionals="4" coveredconditionals="4" methods="1" coveredmethods="1"/>
      <line num="1" count="1" type="stmt"/>
      <line num="2" count="4" type="cond" truecount="4" falsecount="0"/>
      <line num="3" count="2" type="stmt"/>
      <line num="5" count="2" type="stmt"/>
      <line num="8" count="1" type="stmt"/>
    </file>
    <file name="fourthTask.js" path="C:\Users\User\Desktop\Testing-practicing\fourthTask.js">
      <metrics statements="5" coveredstatements="5" conditionals="2" coveredconditionals="2" methods="1" coveredmethods="1"/>
      <line num="1" count="1" type="stmt"/>
      <line num="2" count="7" type="cond" truecount="2" falsecount="0"/>
      <line num="3" count="4" type="stmt"/>
      <line num="4" count="3" type="stmt"/>
      <line num="7" count="1" type="stmt"/>
    </file>
    <file name="secondTask.js" path="C:\Users\User\Desktop\Testing-practicing\secondTask.js">
      <metrics statements="2" coveredstatements="2" conditionals="0" coveredconditionals="0" methods="1" coveredmethods="1"/>
      <line num="1" count="3" type="stmt"/>
      <line num="3" count="1" type="stmt"/>
    </file>
    <file name="thirdTask.js" path="C:\Users\User\Desktop\Testing-practicing\thirdTask.js">
      <metrics statements="6" coveredstatements="3" conditionals="0" coveredconditionals="0" methods="5" coveredmethods="2"/>
      <line num="5" count="1" type="stmt"/>
      <line num="9" count="0" type="stmt"/>
      <line num="13" count="0" type="stmt"/>
      <line num="17" count="0" type="stmt"/>
      <line num="21" count="1" type="stmt"/>
      <line num="22" count="1" type="stmt"/>
    </file>
  </project>
</coverage>
