TN:
SF:firstTask.js
FN:1,(anonymous_0)
FNF:1
FNH:1
FNDA:4,(anonymous_0)
DA:1,1
DA:2,4
DA:3,2
DA:5,2
DA:8,1
LF:5
LH:5
BRDA:2,0,0,2
BRDA:2,0,1,2
BRDA:2,1,0,4
BRDA:2,1,1,3
BRF:4
BRH:4
end_of_record
TN:
SF:fourthTask.js
FN:1,(anonymous_0)
FNF:1
FNH:1
FNDA:7,(anonymous_0)
DA:1,1
DA:2,7
DA:3,4
DA:4,3
DA:7,1
LF:5
LH:5
BRDA:2,0,0,4
BRDA:2,0,1,3
BRF:2
BRH:2
end_of_record
TN:
SF:secondTask.js
FN:1,(anonymous_0)
FNF:1
FNH:1
FNDA:3,(anonymous_0)
DA:1,3
DA:3,1
LF:2
LH:2
BRF:0
BRH:0
end_of_record
TN:
SF:thirdTask.js
FN:2,(anonymous_0)
FN:4,(anonymous_1)
FN:8,(anonymous_2)
FN:12,(anonymous_3)
FN:16,(anonymous_4)
FNF:5
FNH:2
FNDA:1,(anonymous_0)
FNDA:1,(anonymous_1)
FNDA:0,(anonymous_2)
FNDA:0,(anonymous_3)
FNDA:0,(anonymous_4)
DA:5,1
DA:9,0
DA:13,0
DA:17,0
DA:21,1
DA:22,1
LF:6
LH:3
BRF:0
BRH:0
end_of_record
